<?xml version="1.0" encoding="UTF-8"?>
<!-- Generated by org.testng.reporters.JUnitReportReporter -->
<testsuite hostname="DESKTOP-1MMJMPG" failures="0" tests="1" name="test.Testcase1" time="11.093" errors="0" timestamp="2024-11-13T20:22:21 IST" skipped="0">
  <testcase classname="test.Testcase1" name="LogintoAmazon" time="11.093"/>
</testsuite> <!-- test.Testcase1 -->
