<?xml version="1.0" encoding="UTF-8"?>
<!-- Generated by org.testng.reporters.JUnitReportReporter -->
<testsuite hostname="DESKTOP-1MMJMPG" failures="0" tests="1" name="test.Testcase4" time="26.045" errors="0" timestamp="2024-11-13T20:22:20 IST" skipped="0">
  <testcase classname="test.Testcase4" name="addCart" time="26.045"/>
</testsuite> <!-- test.Testcase4 -->
