<?xml version="1.0" encoding="UTF-8"?>
<!-- Generated by org.testng.reporters.JUnitReportReporter -->
<testsuite hostname="DESKTOP-1MMJMPG" failures="0" tests="1" name="test.Testcase2" time="17.186" errors="0" timestamp="2024-11-13T20:22:20 IST" skipped="0">
  <testcase classname="test.Testcase2" name="searching" time="17.186"/>
</testsuite> <!-- test.Testcase2 -->
