<?xml version="1.0" encoding="UTF-8"?>
<!-- Generated by org.testng.reporters.JUnitReportReporter -->
<testsuite hostname="DESKTOP-1MMJMPG" failures="0" tests="1" name="com.testMavenPackage.LaunchBrowser" time="4.008" errors="0" timestamp="2024-11-07T23:07:49 IST" skipped="0">
  <testcase classname="com.testMavenPackage.LaunchBrowser" name="launch" time="4.008"/>
</testsuite> <!-- com.testMavenPackage.LaunchBrowser -->
