<?xml version="1.0" encoding="UTF-8"?>
<!-- Generated by org.testng.reporters.JUnitReportReporter -->
<testsuite hostname="DESKTOP-1MMJMPG" failures="0" tests="1" name="test.Testcase3" time="22.986" errors="0" timestamp="2024-11-13T20:22:20 IST" skipped="0">
  <testcase classname="test.Testcase3" name="wishlist" time="22.986"/>
</testsuite> <!-- test.Testcase3 -->
